<?xml version="1.0" encoding="UTF-8"?>
<!-- Generated by org.testng.reporters.JUnitReportReporter -->
<testsuite hostname="Warlock" failures="0" tests="1" name="com.swaglabs.testcases.OverviewPageTest" time="10.229" errors="0" timestamp="2022-12-27T17:20:30 IST" skipped="0">
  <testcase classname="com.swaglabs.testcases.OverviewPageTest" name="verifyOrderTotal" time="10.229"/>
  <system-out/>
</testsuite> <!-- com.swaglabs.testcases.OverviewPageTest -->
